/tmp/tmpXXnNMbnK.asm:
     1                          MODULE main_c
     2                          LINE 0, "src/main.c"
src/main.c:
                                
     1                          ;--------------------------------------------------------
     2                          ; File Created by SDCC : free open source ANSI-C Compiler
     3                          ; Version 4.2.0 #13081 (Linux)
     4                          ;--------------------------------------------------------
     5                          ; Processed by Z88DK
     6                          ;--------------------------------------------------------
     7                          
     8                          	EXTERN __divschar
     9                          	EXTERN __divschar_callee
    10                          	EXTERN __divsint
    11                          	EXTERN __divsint_callee
    12                          	EXTERN __divslong
    13                          	EXTERN __divslong_callee
    14                          	EXTERN __divslonglong
    15                          	EXTERN __divslonglong_callee
    16                          	EXTERN __divsuchar
    17                          	EXTERN __divsuchar_callee
    18                          	EXTERN __divuchar
    19                          	EXTERN __divuchar_callee
    20                          	EXTERN __divuint
    21                          	EXTERN __divuint_callee
    22                          	EXTERN __divulong
    23                          	EXTERN __divulong_callee
    24                          	EXTERN __divulonglong
    25                          	EXTERN __divulonglong_callee
    26                          	EXTERN __divuschar
    27                          	EXTERN __divuschar_callee
    28                          	EXTERN __modschar
    29                          	EXTERN __modschar_callee
    30                          	EXTERN __modsint
    31                          	EXTERN __modsint_callee
    32                          	EXTERN __modslong
    33                          	EXTERN __modslong_callee
    34                          	EXTERN __modslonglong
    35                          	EXTERN __modslonglong_callee
    36                          	EXTERN __modsuchar
    37                          	EXTERN __modsuchar_callee
    38                          	EXTERN __moduchar
    39                          	EXTERN __moduchar_callee
    40                          	EXTERN __moduint
    41                          	EXTERN __moduint_callee
    42                          	EXTERN __modulong
    43                          	EXTERN __modulong_callee
    44                          	EXTERN __modulonglong
    45                          	EXTERN __modulonglong_callee
    46                          	EXTERN __moduschar
    47                          	EXTERN __moduschar_callee
    48                          	EXTERN __mulint
    49                          	EXTERN __mulint_callee
    50                          	EXTERN __mullong
    51                          	EXTERN __mullong_callee
    52                          	EXTERN __mullonglong
    53                          	EXTERN __mullonglong_callee
    54                          	EXTERN __mulschar
    55                          	EXTERN __mulschar_callee
    56                          	EXTERN __mulsuchar
    57                          	EXTERN __mulsuchar_callee
    58                          	EXTERN __muluchar
    59                          	EXTERN __muluchar_callee
    60                          	EXTERN __muluschar
    61                          	EXTERN __muluschar_callee
    62                          	EXTERN __rlslonglong
    63                          	EXTERN __rlslonglong_callee
    64                          	EXTERN __rlulonglong
    65                          	EXTERN __rlulonglong_callee
    66                          	EXTERN __rrslonglong
    67                          	EXTERN __rrslonglong_callee
    68                          	EXTERN __rrulonglong
    69                          	EXTERN __rrulonglong_callee
    70                          	EXTERN ___mulsint2slong
    71                          	EXTERN ___mulsint2slong_callee
    72                          	EXTERN ___muluint2ulong
    73                          	EXTERN ___muluint2ulong_callee
    74                          	EXTERN ___sdcc_call_hl
    75                          	EXTERN ___sdcc_call_iy
    76                          	EXTERN ___sdcc_enter_ix
    77                          	EXTERN banked_call
    78                          	EXTERN _banked_ret
    79                          	EXTERN ___fs2schar
    80                          	EXTERN ___fs2schar_callee
    81                          	EXTERN ___fs2sint
    82                          	EXTERN ___fs2sint_callee
    83                          	EXTERN ___fs2slong
    84                          	EXTERN ___fs2slong_callee
    85                          	EXTERN ___fs2slonglong
    86                          	EXTERN ___fs2slonglong_callee
    87                          	EXTERN ___fs2uchar
    88                          	EXTERN ___fs2uchar_callee
    89                          	EXTERN ___fs2uint
    90                          	EXTERN ___fs2uint_callee
    91                          	EXTERN ___fs2ulong
    92                          	EXTERN ___fs2ulong_callee
    93                          	EXTERN ___fs2ulonglong
    94                          	EXTERN ___fs2ulonglong_callee
    95                          	EXTERN ___fsadd
    96                          	EXTERN ___fsadd_callee
    97                          	EXTERN ___fsdiv
    98                          	EXTERN ___fsdiv_callee
    99                          	EXTERN ___fseq
   100                          	EXTERN ___fseq_callee
   101                          	EXTERN ___fsgt
   102                          	EXTERN ___fsgt_callee
   103                          	EXTERN ___fslt
   104                          	EXTERN ___fslt_callee
   105                          	EXTERN ___fsmul
   106                          	EXTERN ___fsmul_callee
   107                          	EXTERN ___fsneq
   108                          	EXTERN ___fsneq_callee
   109                          	EXTERN ___fssub
   110                          	EXTERN ___fssub_callee
   111                          	EXTERN ___schar2fs
   112                          	EXTERN ___schar2fs_callee
   113                          	EXTERN ___sint2fs
   114                          	EXTERN ___sint2fs_callee
   115                          	EXTERN ___slong2fs
   116                          	EXTERN ___slong2fs_callee
   117                          	EXTERN ___slonglong2fs
   118                          	EXTERN ___slonglong2fs_callee
   119                          	EXTERN ___uchar2fs
   120                          	EXTERN ___uchar2fs_callee
   121                          	EXTERN ___uint2fs
   122                          	EXTERN ___uint2fs_callee
   123                          	EXTERN ___ulong2fs
   124                          	EXTERN ___ulong2fs_callee
   125                          	EXTERN ___ulonglong2fs
   126                          	EXTERN ___ulonglong2fs_callee
   127                          	EXTERN ____sdcc_2_copy_src_mhl_dst_deix
   128                          	EXTERN ____sdcc_2_copy_src_mhl_dst_bcix
   129                          	EXTERN ____sdcc_4_copy_src_mhl_dst_deix
   130                          	EXTERN ____sdcc_4_copy_src_mhl_dst_bcix
   131                          	EXTERN ____sdcc_4_copy_src_mhl_dst_mbc
   132                          	EXTERN ____sdcc_4_ldi_nosave_bc
   133                          	EXTERN ____sdcc_4_ldi_save_bc
   134                          	EXTERN ____sdcc_4_push_hlix
   135                          	EXTERN ____sdcc_4_push_mhl
   136                          	EXTERN ____sdcc_lib_setmem_hl
   137                          	EXTERN ____sdcc_ll_add_de_bc_hl
   138                          	EXTERN ____sdcc_ll_add_de_bc_hlix
   139                          	EXTERN ____sdcc_ll_add_de_hlix_bc
   140                          	EXTERN ____sdcc_ll_add_de_hlix_bcix
   141                          	EXTERN ____sdcc_ll_add_deix_bc_hl
   142                          	EXTERN ____sdcc_ll_add_deix_hlix
   143                          	EXTERN ____sdcc_ll_add_hlix_bc_deix
   144                          	EXTERN ____sdcc_ll_add_hlix_deix_bc
   145                          	EXTERN ____sdcc_ll_add_hlix_deix_bcix
   146                          	EXTERN ____sdcc_ll_asr_hlix_a
   147                          	EXTERN ____sdcc_ll_asr_mbc_a
   148                          	EXTERN ____sdcc_ll_copy_src_de_dst_hlix
   149                          	EXTERN ____sdcc_ll_copy_src_de_dst_hlsp
   150                          	EXTERN ____sdcc_ll_copy_src_deix_dst_hl
   151                          	EXTERN ____sdcc_ll_copy_src_deix_dst_hlix
   152                          	EXTERN ____sdcc_ll_copy_src_deixm_dst_hlsp
   153                          	EXTERN ____sdcc_ll_copy_src_desp_dst_hlsp
   154                          	EXTERN ____sdcc_ll_copy_src_hl_dst_de
   155                          	EXTERN ____sdcc_ll_copy_src_hlsp_dst_de
   156                          	EXTERN ____sdcc_ll_copy_src_hlsp_dst_deixm
   157                          	EXTERN ____sdcc_ll_lsl_hlix_a
   158                          	EXTERN ____sdcc_ll_lsl_mbc_a
   159                          	EXTERN ____sdcc_ll_lsr_hlix_a
   160                          	EXTERN ____sdcc_ll_lsr_mbc_a
   161                          	EXTERN ____sdcc_ll_push_hlix
   162                          	EXTERN ____sdcc_ll_push_mhl
   163                          	EXTERN ____sdcc_ll_sub_de_bc_hl
   164                          	EXTERN ____sdcc_ll_sub_de_bc_hlix
   165                          	EXTERN ____sdcc_ll_sub_de_hlix_bc
   166                          	EXTERN ____sdcc_ll_sub_de_hlix_bcix
   167                          	EXTERN ____sdcc_ll_sub_deix_bc_hl
   168                          	EXTERN ____sdcc_ll_sub_deix_hlix
   169                          	EXTERN ____sdcc_ll_sub_hlix_bc_deix
   170                          	EXTERN ____sdcc_ll_sub_hlix_deix_bc
   171                          	EXTERN ____sdcc_ll_sub_hlix_deix_bcix
   172                          	EXTERN ____sdcc_load_debc_deix
   173                          	EXTERN ____sdcc_load_dehl_deix
   174                          	EXTERN ____sdcc_load_debc_mhl
   175                          	EXTERN ____sdcc_load_hlde_mhl
   176                          	EXTERN ____sdcc_store_dehl_bcix
   177                          	EXTERN ____sdcc_store_debc_hlix
   178                          	EXTERN ____sdcc_store_debc_mhl
   179                          	EXTERN ____sdcc_cpu_pop_ei
   180                          	EXTERN ____sdcc_cpu_pop_ei_jp
   181                          	EXTERN ____sdcc_cpu_push_di
   182                          	EXTERN ____sdcc_outi
   183                          	EXTERN ____sdcc_outi_128
   184                          	EXTERN ____sdcc_outi_256
   185                          	EXTERN ____sdcc_ldi
   186                          	EXTERN ____sdcc_ldi_128
   187                          	EXTERN ____sdcc_ldi_256
   188                          	EXTERN ____sdcc_4_copy_srcd_hlix_dst_deix
   189                          	EXTERN ____sdcc_4_and_src_mbc_mhl_dst_deix
   190                          	EXTERN ____sdcc_4_or_src_mbc_mhl_dst_deix
   191                          	EXTERN ____sdcc_4_xor_src_mbc_mhl_dst_deix
   192                          	EXTERN ____sdcc_4_or_src_dehl_dst_bcix
   193                          	EXTERN ____sdcc_4_xor_src_dehl_dst_bcix
   194                          	EXTERN ____sdcc_4_and_src_dehl_dst_bcix
   195                          	EXTERN ____sdcc_4_xor_src_mbc_mhl_dst_debc
   196                          	EXTERN ____sdcc_4_or_src_mbc_mhl_dst_debc
   197                          	EXTERN ____sdcc_4_and_src_mbc_mhl_dst_debc
   198                          	EXTERN ____sdcc_4_cpl_src_mhl_dst_debc
   199                          	EXTERN ____sdcc_4_xor_src_debc_mhl_dst_debc
   200                          	EXTERN ____sdcc_4_or_src_debc_mhl_dst_debc
   201                          	EXTERN ____sdcc_4_and_src_debc_mhl_dst_debc
   202                          	EXTERN ____sdcc_4_and_src_debc_hlix_dst_debc
   203                          	EXTERN ____sdcc_4_or_src_debc_hlix_dst_debc
   204                          	EXTERN ____sdcc_4_xor_src_debc_hlix_dst_debc
   205                          
   206                          ;--------------------------------------------------------
   207                          ; Public variables in this module
   208                          ;--------------------------------------------------------
   209                          	GLOBAL _main
   210                          	GLOBAL _sum
   211                          ;--------------------------------------------------------
   212                          ; Externals used
   213                          ;--------------------------------------------------------
   214                          	GLOBAL _zx_pattern_fill_callee
   215                          	GLOBAL _zx_pattern_fill
   216                          	GLOBAL _zx_saddrpup_fastcall
   217                          	GLOBAL _zx_saddrpup
   218                          	GLOBAL _zx_saddrpright_callee
   219                          	GLOBAL _zx_saddrpright
   220                          	GLOBAL _zx_saddrpleft_callee
   221                          	GLOBAL _zx_saddrpleft
   222                          	GLOBAL _zx_saddrpdown_fastcall
   223                          	GLOBAL _zx_saddrpdown
   224                          	GLOBAL _zx_saddrcup_fastcall
   225                          	GLOBAL _zx_saddrcup
   226                          	GLOBAL _zx_saddrcright_fastcall
   227                          	GLOBAL _zx_saddrcright
   228                          	GLOBAL _zx_saddrcleft_fastcall
   229                          	GLOBAL _zx_saddrcleft
   230                          	GLOBAL _zx_saddrcdown_fastcall
   231                          	GLOBAL _zx_saddrcdown
   232                          	GLOBAL _zx_saddr2py_fastcall
   233                          	GLOBAL _zx_saddr2py
   234                          	GLOBAL _zx_saddr2px_fastcall
   235                          	GLOBAL _zx_saddr2px
   236                          	GLOBAL _zx_saddr2cy_fastcall
   237                          	GLOBAL _zx_saddr2cy
   238                          	GLOBAL _zx_saddr2cx_fastcall
   239                          	GLOBAL _zx_saddr2cx
   240                          	GLOBAL _zx_saddr2aaddr_fastcall
   241                          	GLOBAL _zx_saddr2aaddr
   242                          	GLOBAL _zx_py2saddr_fastcall
   243                          	GLOBAL _zx_py2saddr
   244                          	GLOBAL _zx_py2aaddr_fastcall
   245                          	GLOBAL _zx_py2aaddr
   246                          	GLOBAL _zx_pxy2saddr_callee
   247                          	GLOBAL _zx_pxy2saddr
   248                          	GLOBAL _zx_pxy2aaddr_callee
   249                          	GLOBAL _zx_pxy2aaddr
   250                          	GLOBAL _zx_px2bitmask_fastcall
   251                          	GLOBAL _zx_px2bitmask
   252                          	GLOBAL _zx_cy2saddr_fastcall
   253                          	GLOBAL _zx_cy2saddr
   254                          	GLOBAL _zx_cy2aaddr_fastcall
   255                          	GLOBAL _zx_cy2aaddr
   256                          	GLOBAL _zx_cxy2saddr_callee
   257                          	GLOBAL _zx_cxy2saddr
   258                          	GLOBAL _zx_cxy2aaddr_callee
   259                          	GLOBAL _zx_cxy2aaddr
   260                          	GLOBAL _zx_bitmask2px_fastcall
   261                          	GLOBAL _zx_bitmask2px
   262                          	GLOBAL _zx_aaddrcup_fastcall
   263                          	GLOBAL _zx_aaddrcup
   264                          	GLOBAL _zx_aaddrcright_fastcall
   265                          	GLOBAL _zx_aaddrcright
   266                          	GLOBAL _zx_aaddrcleft_fastcall
   267                          	GLOBAL _zx_aaddrcleft
   268                          	GLOBAL _zx_aaddrcdown_fastcall
   269                          	GLOBAL _zx_aaddrcdown
   270                          	GLOBAL _zx_aaddr2saddr_fastcall
   271                          	GLOBAL _zx_aaddr2saddr
   272                          	GLOBAL _zx_aaddr2py_fastcall
   273                          	GLOBAL _zx_aaddr2py
   274                          	GLOBAL _zx_aaddr2px_fastcall
   275                          	GLOBAL _zx_aaddr2px
   276                          	GLOBAL _zx_aaddr2cy_fastcall
   277                          	GLOBAL _zx_aaddr2cy
   278                          	GLOBAL _zx_aaddr2cx_fastcall
   279                          	GLOBAL _zx_aaddr2cx
   280                          	GLOBAL _zx_visit_wc_pix_callee
   281                          	GLOBAL _zx_visit_wc_pix
   282                          	GLOBAL _zx_visit_wc_attr_callee
   283                          	GLOBAL _zx_visit_wc_attr
   284                          	GLOBAL _zx_scroll_wc_up_pix_callee
   285                          	GLOBAL _zx_scroll_wc_up_pix
   286                          	GLOBAL _zx_scroll_wc_up_attr_callee
   287                          	GLOBAL _zx_scroll_wc_up_attr
   288                          	GLOBAL _zx_scroll_wc_up_callee
   289                          	GLOBAL _zx_scroll_wc_up
   290                          	GLOBAL _zx_scroll_up_pix_callee
   291                          	GLOBAL _zx_scroll_up_pix
   292                          	GLOBAL _zx_scroll_up_attr_callee
   293                          	GLOBAL _zx_scroll_up_attr
   294                          	GLOBAL _zx_scroll_up_callee
   295                          	GLOBAL _zx_scroll_up
   296                          	GLOBAL _zx_cls_wc_pix_callee
   297                          	GLOBAL _zx_cls_wc_pix
   298                          	GLOBAL _zx_cls_wc_attr_callee
   299                          	GLOBAL _zx_cls_wc_attr
   300                          	GLOBAL _zx_cls_wc_callee
   301                          	GLOBAL _zx_cls_wc
   302                          	GLOBAL _zx_cls_pix_fastcall
   303                          	GLOBAL _zx_cls_pix
   304                          	GLOBAL _zx_cls_attr_fastcall
   305                          	GLOBAL _zx_cls_attr
   306                          	GLOBAL _zx_cls_fastcall
   307                          	GLOBAL _zx_cls
   308                          	GLOBAL _zx_border_fastcall
   309                          	GLOBAL _zx_border
   310                          	GLOBAL _zx_tape_verify_block_callee
   311                          	GLOBAL _zx_tape_verify_block
   312                          	GLOBAL _zx_tape_save_block_callee
   313                          	GLOBAL _zx_tape_save_block
   314                          	GLOBAL _zx_tape_load_block_callee
   315                          	GLOBAL _zx_tape_load_block
   316                          	GLOBAL _GLOBAL_ZX_PORT_7FFD
   317                          	GLOBAL _GLOBAL_ZX_PORT_1FFD
   318                          	GLOBAL _GLOBAL_ZX_PORT_FE
   319                          ;--------------------------------------------------------
   320                          ; special function registers
   321                          ;--------------------------------------------------------
   322                          defc _IO_FE	=	0x00fe
   323                          defc _IO_1FFD	=	0x1ffd
   324                          defc _IO_7FFD	=	0x7ffd
   325                          ;--------------------------------------------------------
   326                          ; ram data
   327                          ;--------------------------------------------------------
   328                          	SECTION bss_compiler
   329                          ;--------------------------------------------------------
   330                          ; ram data
   331                          ;--------------------------------------------------------
   332                          
   333                          IF 0
   334                          
   335                          ; .area _INITIALIZED removed by z88dk
   336                          
   337                          
   338                          ENDIF
   339                          
   340                          ;--------------------------------------------------------
   341                          ; absolute external ram data
   342                          ;--------------------------------------------------------
   343                          	SECTION IGNORE
   344                          ;--------------------------------------------------------
   345                          ; global & static initialisations
   346                          ;--------------------------------------------------------
   347                          	SECTION code_crt_init
   348                          ;--------------------------------------------------------
   349                          ; Home
   350                          ;--------------------------------------------------------
   351                          	SECTION IGNORE
   352                          ;--------------------------------------------------------
   353                          ; code
   354                          ;--------------------------------------------------------
   355                          	SECTION code_compiler
   356                          ;src/functions.c:3: int sum(int a, int b)
   357                          ;	---------------------------------
   358                          ; Function sum
   359                          ; ---------------------------------
   360                          _sum:
   361  0000  dde5              	push	ix
   362  0002  dd210000          	ld	ix,0
   363  0006  dd39              	add	ix,sp
   364                          ;src/functions.c:5: return a + b;
   365  0008  dd7e04            	ld	a,(ix+4)
   366  000b  dd8606            	add	a,(ix+6)
   367  000e  5f                	ld	e, a
   368  000f  dd7e05            	ld	a,(ix+5)
   369  0012  dd8e07            	adc	a,(ix+7)
   370  0015  57                	ld	d, a
   371  0016  eb                	ex	de, hl
   372                          ;src/functions.c:6: }
   373  0017  dde1              	pop	ix
   374  0019  c9                	ret
   375                          	SECTION code_compiler
   376                          ;src/main.c:6: int main()
   377                          ;	---------------------------------
   378                          ; Function main
   379                          ; ---------------------------------
   380                          _main:
   381                          ;src/main.c:8: int result = sum(5, 10);
   382  001a  210a00            	ld	hl,0x000a
   383  001d  e5                	push	hl
   384  001e  2e05              	ld	l,0x05
   385  0020  e5                	push	hl
   386  0021  cd0000            	call	_sum
   387  0024  f1                	pop	af
   388  0025  f1                	pop	af
   389                          ;src/main.c:9: zx_border(INK_BLACK);
   390  0026  2e00              	ld	l,0x00
   391  0028  cd0000            	call	_zx_border_fastcall
   392                          ;src/main.c:10: return 0;
   393  002b  210000            	ld	hl,0x0000
   394                          ;src/main.c:11: }
   395  002e  c9                	ret
   396                          	SECTION IGNORE
   397                          
